<?xml version="1.0" encoding="UTF-8"?>
<!-- Generated by org.testng.reporters.JUnitReportReporter -->
<testsuite hostname="AbrarHasan" failures="0" tests="1" name="GC.GCSW.ADD_NEW_EVENT" time="66.326" errors="0" timestamp="2024-10-23T12:48:42 IST" skipped="0">
  <testcase classname="GC.GCSW.ADD_NEW_EVENT" name="AddNewEvent" time="66.326"/>
  <system-out/>
</testsuite> <!-- GC.GCSW.ADD_NEW_EVENT -->
