<?xml version="1.0" encoding="UTF-8"?>
<!-- Generated by org.testng.reporters.JUnitReportReporter -->
<testsuite hostname="AbrarHasan" failures="0" tests="1" name="GC.GCSW.TICKET_EVENT" time="115.468" errors="0" timestamp="2024-10-06T01:04:11 IST" skipped="0">
  <testcase classname="GC.GCSW.TICKET_EVENT" name="TicketEvent" time="115.468"/>
</testsuite> <!-- GC.GCSW.TICKET_EVENT -->
