<?xml version="1.0" encoding="UTF-8"?>
<!-- Generated by org.testng.reporters.JUnitReportReporter -->
<testsuite hostname="AbrarHasan" failures="0" tests="1" name="GC.GCSW.THEME1_FRONTEND" time="23.859" errors="0" timestamp="2024-10-31T00:52:45 IST" skipped="0">
  <testcase classname="GC.GCSW.THEME1_FRONTEND" name="Theme1_Frontend" time="23.859"/>
  <system-out/>
</testsuite> <!-- GC.GCSW.THEME1_FRONTEND -->
