<?xml version="1.0" encoding="UTF-8"?>
<!-- Generated by org.testng.reporters.JUnitReportReporter -->
<testsuite hostname="AbrarHasan" failures="0" tests="1" name="GC.GCSW.THEME2_FRONTEND" time="22.256" errors="0" timestamp="2024-10-31T00:53:43 IST" skipped="0">
  <testcase classname="GC.GCSW.THEME2_FRONTEND" name="Theme2_Frontend" time="22.256"/>
  <system-out/>
</testsuite> <!-- GC.GCSW.THEME2_FRONTEND -->
