<?xml version="1.0" encoding="UTF-8"?>
<!-- Generated by org.testng.reporters.JUnitReportReporter -->
<testsuite hostname="AbrarHasan" failures="0" tests="1" name="GC.GCSW.NORMAL_EVENT" time="221.738" errors="0" timestamp="2024-10-06T01:04:11 IST" skipped="0">
  <testcase classname="GC.GCSW.NORMAL_EVENT" name="NormalEvent" time="221.738"/>
</testsuite> <!-- GC.GCSW.NORMAL_EVENT -->
