<?xml version="1.0" encoding="UTF-8"?>
<!-- Generated by org.testng.reporters.JUnitReportReporter -->
<testsuite hostname="AbrarHasan" failures="0" tests="1" name="GC.GCSW.ADD_DONOR" time="51.255" errors="0" timestamp="2024-10-23T12:38:14 IST" skipped="0">
  <testcase classname="GC.GCSW.ADD_DONOR" name="AddDonor" time="51.255"/>
  <system-out/>
</testsuite> <!-- GC.GCSW.ADD_DONOR -->
