<?xml version="1.0" encoding="UTF-8"?>
<!-- Generated by org.testng.reporters.JUnitReportReporter -->
<testsuite hostname="AbrarHasan" failures="0" tests="1" name="GC.GCSW.DYNAMIC_PAGE_1" time="77.811" errors="0" timestamp="2024-10-23T12:13:03 IST" skipped="0">
  <testcase classname="GC.GCSW.DYNAMIC_PAGE_1" name="DynamicPage1" time="77.811"/>
  <system-out/>
</testsuite> <!-- GC.GCSW.DYNAMIC_PAGE_1 -->
