<?xml version="1.0" encoding="UTF-8"?>
<!-- Generated by org.testng.reporters.JUnitReportReporter -->
<testsuite hostname="AbrarHasan" failures="0" tests="1" name="GC.GCSW.PLADGED_EVENT" time="149.300" errors="0" timestamp="2024-10-06T01:04:11 IST" skipped="0">
  <testcase classname="GC.GCSW.PLADGED_EVENT" name="PladgedEvent" time="149.300"/>
</testsuite> <!-- GC.GCSW.PLADGED_EVENT -->
