<?xml version="1.0" encoding="UTF-8"?>
<!-- Generated by org.testng.reporters.JUnitReportReporter -->
<testsuite hostname="AbrarHasan" failures="0" tests="1" name="GC.GCSW.CROWDFOUNDING_EVENT" time="71.576" errors="0" timestamp="2024-10-06T01:04:11 IST" skipped="0">
  <testcase classname="GC.GCSW.CROWDFOUNDING_EVENT" name="CrowdFoundingEvent" time="71.576"/>
</testsuite> <!-- GC.GCSW.CROWDFOUNDING_EVENT -->
