<?xml version="1.0" encoding="UTF-8"?>
<!-- Generated by org.testng.reporters.JUnitReportReporter -->
<testsuite hostname="AbrarHasan" failures="0" tests="1" name="GC.GCSW.TEXT_TO_ENGAGE_REPORT" time="180.829" errors="0" timestamp="2024-10-06T01:04:11 IST" skipped="0">
  <testcase classname="GC.GCSW.TEXT_TO_ENGAGE_REPORT" name="TextToEngageReport" time="180.829"/>
</testsuite> <!-- GC.GCSW.TEXT_TO_ENGAGE_REPORT -->
