<?xml version="1.0" encoding="UTF-8"?>
<!-- Generated by org.testng.reporters.JUnitReportReporter -->
<testsuite hostname="AbrarHasan" failures="0" tests="1" name="GC.GCSW.THEME3_FRONTEND" time="19.699" errors="0" timestamp="2024-10-31T00:59:01 IST" skipped="0">
  <testcase classname="GC.GCSW.THEME3_FRONTEND" name="Theme3_Frontend" time="19.699"/>
  <system-out/>
</testsuite> <!-- GC.GCSW.THEME3_FRONTEND -->
