<?xml version="1.0" encoding="UTF-8"?>
<!-- Generated by org.testng.reporters.JUnitReportReporter -->
<testsuite hostname="AbrarHasan" failures="0" tests="1" name="GC.GCSW.GC_FIRST" time="39.846" errors="0" timestamp="2024-10-06T01:04:11 IST" skipped="0">
  <testcase classname="GC.GCSW.GC_FIRST" name="GcFirst" time="39.846"/>
</testsuite> <!-- GC.GCSW.GC_FIRST -->
