<?xml version="1.0" encoding="UTF-8"?>
<!-- Generated by org.testng.reporters.JUnitReportReporter -->
<testsuite hostname="AbrarHasan" failures="0" tests="1" name="GC.GCSW.testngdemo" time="56.830" errors="0" timestamp="2024-09-29T16:53:00 IST" skipped="0">
  <testcase classname="GC.GCSW.testngdemo" name="test" time="56.830"/>
</testsuite> <!-- GC.GCSW.testngdemo -->
